<?xml version="1.0" encoding="UTF-8"?>
<testsuite xmlns:xsi="http://www.w3.org/2001/XMLSchema-instance" xsi:schemaLocation="https://maven.apache.org/surefire/maven-surefire-plugin/xsd/surefire-test-report.xsd" name="de.bund.bva.isyfact.benutzerverwaltung.sicherheit.BenutzerverwaltungAccessManagerTest" time="2.504" tests="12" errors="0" skipped="0" failures="0">
  <properties>
[...]
</properties>
  <testcase name="testAuthentifizierungFehlerFalscherName" classname="de.bund.bva.isyfact.benutzerverwaltung.sicherheit.BenutzerverwaltungAccessManagerTest" time="0.185"/>
  <testcase name="testAuthentifizierungErfolgreich" classname="de.bund.bva.isyfact.benutzerverwaltung.sicherheit.BenutzerverwaltungAccessManagerTest" time="0.183"/>
  <testcase name="testBenutzerDeaktiviert" classname="de.bund.bva.isyfact.benutzerverwaltung.sicherheit.BenutzerverwaltungAccessManagerTest" time="0.117"/>
  <testcase name="logoutTest" classname="de.bund.bva.isyfact.benutzerverwaltung.sicherheit.BenutzerverwaltungAccessManagerTest" time="0.157"/>
  <testcase name="testAuthentifizierungFehlerNullName" classname="de.bund.bva.isyfact.benutzerverwaltung.sicherheit.BenutzerverwaltungAccessManagerTest" time="0.092"/>
  <testcase name="testInkrementAnzahlFehlversuche" classname="de.bund.bva.isyfact.benutzerverwaltung.sicherheit.BenutzerverwaltungAccessManagerTest" time="0.537"/>
  <testcase name="testAuthentifizierungFehlgeschlagenFalschesPasswort" classname="de.bund.bva.isyfact.benutzerverwaltung.sicherheit.BenutzerverwaltungAccessManagerTest" time="0.16"/>
  <testcase name="testAuthentifizierungErfolgreichMitHash" classname="de.bund.bva.isyfact.benutzerverwaltung.sicherheit.BenutzerverwaltungAccessManagerTest" time="0.085"/>
  <testcase name="testAuthentifizierungFehlerKeinPasswort" classname="de.bund.bva.isyfact.benutzerverwaltung.sicherheit.BenutzerverwaltungAccessManagerTest" time="0.08"/>
  <testcase name="testPasswortAenderung" classname="de.bund.bva.isyfact.benutzerverwaltung.sicherheit.BenutzerverwaltungAccessManagerTest" time="0.666"/>
  <testcase name="testAuthentifizierungFehlerNullPasswort" classname="de.bund.bva.isyfact.benutzerverwaltung.sicherheit.BenutzerverwaltungAccessManagerTest" time="0.08"/>
  <testcase name="testAuthentifizierungFehlerKeinName" classname="de.bund.bva.isyfact.benutzerverwaltung.sicherheit.BenutzerverwaltungAccessManagerTest" time="0.082"/>
</testsuite>